INFO: [VRFC 10-2263] Analyzing Verilog file "C:/Users/weehe/OneDrive - sjtu.edu.cn/2022-2023SU/VE370 Intro to Computer Organization/Labs/Lab6/Lab6/Lab6.srcs/sources_1/new/Cache.v" into library xil_defaultlib
INFO: [VRFC 10-311] analyzing module Cache
ERROR: [VRFC 10-3642] port 'read_data_mem' must not be declared to be an array [C:/Users/weehe/OneDrive - sjtu.edu.cn/2022-2023SU/VE370 Intro to Computer Organization/Labs/Lab6/Lab6/Lab6.srcs/sources_1/new/Cache.v:34]
ERROR: [VRFC 10-3642] port 'write_data_mem' must not be declared to be an array [C:/Users/weehe/OneDrive - sjtu.edu.cn/2022-2023SU/VE370 Intro to Computer Organization/Labs/Lab6/Lab6/Lab6.srcs/sources_1/new/Cache.v:39]
ERROR: [VRFC 10-1280] procedural assignment to a non-register read_data_cache is not permitted, left-hand side should be reg/integer/time/genvar [C:/Users/weehe/OneDrive - sjtu.edu.cn/2022-2023SU/VE370 Intro to Computer Organization/Labs/Lab6/Lab6/Lab6.srcs/sources_1/new/Cache.v:67]
ERROR: [VRFC 10-1280] procedural assignment to a non-register read_data_cache is not permitted, left-hand side should be reg/integer/time/genvar [C:/Users/weehe/OneDrive - sjtu.edu.cn/2022-2023SU/VE370 Intro to Computer Organization/Labs/Lab6/Lab6/Lab6.srcs/sources_1/new/Cache.v:73]
ERROR: [VRFC 10-1280] procedural assignment to a non-register hit_miss is not permitted, left-hand side should be reg/integer/time/genvar [C:/Users/weehe/OneDrive - sjtu.edu.cn/2022-2023SU/VE370 Intro to Computer Organization/Labs/Lab6/Lab6/Lab6.srcs/sources_1/new/Cache.v:90]
ERROR: [VRFC 10-1280] procedural assignment to a non-register hit_miss is not permitted, left-hand side should be reg/integer/time/genvar [C:/Users/weehe/OneDrive - sjtu.edu.cn/2022-2023SU/VE370 Intro to Computer Organization/Labs/Lab6/Lab6/Lab6.srcs/sources_1/new/Cache.v:93]
ERROR: [VRFC 10-1280] procedural assignment to a non-register read_write_mem is not permitted, left-hand side should be reg/integer/time/genvar [C:/Users/weehe/OneDrive - sjtu.edu.cn/2022-2023SU/VE370 Intro to Computer Organization/Labs/Lab6/Lab6/Lab6.srcs/sources_1/new/Cache.v:95]
ERROR: [VRFC 10-1280] procedural assignment to a non-register address_mem is not permitted, left-hand side should be reg/integer/time/genvar [C:/Users/weehe/OneDrive - sjtu.edu.cn/2022-2023SU/VE370 Intro to Computer Organization/Labs/Lab6/Lab6/Lab6.srcs/sources_1/new/Cache.v:96]
ERROR: [VRFC 10-3005] 'cache_mem' needs 2 dimensions [C:/Users/weehe/OneDrive - sjtu.edu.cn/2022-2023SU/VE370 Intro to Computer Organization/Labs/Lab6/Lab6/Lab6.srcs/sources_1/new/Cache.v:100]
ERROR: [VRFC 10-395] cannot assign a packed type to an unpacked type [C:/Users/weehe/OneDrive - sjtu.edu.cn/2022-2023SU/VE370 Intro to Computer Organization/Labs/Lab6/Lab6/Lab6.srcs/sources_1/new/Cache.v:100]
ERROR: [VRFC 10-9468] unpacked value/target cannot be used in an assignment [C:/Users/weehe/OneDrive - sjtu.edu.cn/2022-2023SU/VE370 Intro to Computer Organization/Labs/Lab6/Lab6/Lab6.srcs/sources_1/new/Cache.v:100]
ERROR: [VRFC 10-1280] procedural assignment to a non-register read_data_cache is not permitted, left-hand side should be reg/integer/time/genvar [C:/Users/weehe/OneDrive - sjtu.edu.cn/2022-2023SU/VE370 Intro to Computer Organization/Labs/Lab6/Lab6/Lab6.srcs/sources_1/new/Cache.v:103]
ERROR: [VRFC 10-1280] procedural assignment to a non-register read_data_cache is not permitted, left-hand side should be reg/integer/time/genvar [C:/Users/weehe/OneDrive - sjtu.edu.cn/2022-2023SU/VE370 Intro to Computer Organization/Labs/Lab6/Lab6/Lab6.srcs/sources_1/new/Cache.v:106]
ERROR: [VRFC 10-1280] procedural assignment to a non-register hit_miss is not permitted, left-hand side should be reg/integer/time/genvar [C:/Users/weehe/OneDrive - sjtu.edu.cn/2022-2023SU/VE370 Intro to Computer Organization/Labs/Lab6/Lab6/Lab6.srcs/sources_1/new/Cache.v:109]
ERROR: [VRFC 10-1280] procedural assignment to a non-register write_data_mem is not permitted, left-hand side should be reg/integer/time/genvar [C:/Users/weehe/OneDrive - sjtu.edu.cn/2022-2023SU/VE370 Intro to Computer Organization/Labs/Lab6/Lab6/Lab6.srcs/sources_1/new/Cache.v:126]
ERROR: [VRFC 10-3627] part-select of memory 'cache_mem' is not allowed [C:/Users/weehe/OneDrive - sjtu.edu.cn/2022-2023SU/VE370 Intro to Computer Organization/Labs/Lab6/Lab6/Lab6.srcs/sources_1/new/Cache.v:126]
ERROR: [VRFC 10-395] cannot assign an unpacked type to a packed type [C:/Users/weehe/OneDrive - sjtu.edu.cn/2022-2023SU/VE370 Intro to Computer Organization/Labs/Lab6/Lab6/Lab6.srcs/sources_1/new/Cache.v:126]
ERROR: [VRFC 10-9468] unpacked value/target cannot be used in an assignment [C:/Users/weehe/OneDrive - sjtu.edu.cn/2022-2023SU/VE370 Intro to Computer Organization/Labs/Lab6/Lab6/Lab6.srcs/sources_1/new/Cache.v:126]
ERROR: [VRFC 10-1280] procedural assignment to a non-register write_data_mem is not permitted, left-hand side should be reg/integer/time/genvar [C:/Users/weehe/OneDrive - sjtu.edu.cn/2022-2023SU/VE370 Intro to Computer Organization/Labs/Lab6/Lab6/Lab6.srcs/sources_1/new/Cache.v:127]
INFO: [#UNDEF] Sorry, too many errors..
