Time resolution is 1 ps
===============================================
Clock cycle           0
Read data = xxxxxxxx
hit_miss = 1
===============================================
===============================================
Clock cycle           1
Read data = xxxxxxxx
hit_miss = 1
===============================================
===============================================
Clock cycle           2
Read data = 000003ab
hit_miss = 1
===============================================
===============================================
Clock cycle           3
Read data = 000003ab
hit_miss = 1
===============================================
===============================================
Clock cycle           4
Read data = 000003ac
hit_miss = 1
===============================================
===============================================
Clock cycle           5
Read data = 0b0a0908
hit_miss = 1
===============================================
===============================================
Clock cycle           6
Read data = 2b2a2928
hit_miss = 1
===============================================
===============================================
Clock cycle           7
Read data = 000003ac
hit_miss = 1
===============================================
===============================================
Clock cycle           8
Read data = 000003ac
hit_miss = 1
===============================================
===============================================
Clock cycle           9
Read data = 000003ac
hit_miss = 1
===============================================
===============================================
Clock cycle          10
Read data = 000003ae
hit_miss = 1
===============================================
===============================================
Clock cycle          11
Read data = 000003ad
hit_miss = 1
===============================================
===============================================
Clock cycle          12
Read data = 00000003
hit_miss = 1
===============================================
===============================================
Clock cycle          13
Read data = 00000003
hit_miss = 1
===============================================
===============================================
Clock cycle          14
Read data = 00000003
hit_miss = 1
===============================================
===============================================
Clock cycle          15
Read data = 00000003
hit_miss = 1
===============================================
===============================================
Clock cycle          16
Read data = 00000003
hit_miss = 1
===============================================
===============================================
Clock cycle          17
Read data = 00000003
hit_miss = 1
===============================================
===============================================
Clock cycle          18
Read data = 00000003
hit_miss = 1
===============================================
===============================================
Clock cycle          19
Read data = 00000003
hit_miss = 1
===============================================
$stop called at time : 200 ns : File "C:/Users/weehe/OneDrive - sjtu.edu.cn/2022-2023SU/VE370 Intro to Computer Organization/Labs/Lab6/Lab6/Lab6.srcs/sim_1/new/Lab6_test.v" Line 48
